<?xml version="1.0" encoding="UTF-8"?>
<!-- Generated by org.testng.reporters.JUnitReportReporter -->
<testsuite hostname="DESKTOP-EVK9GMC" failures="0" tests="1" name="com.ecommerceshoppingapp.testscripts.AddingProductcart" time="34.249" errors="0" timestamp="28 Jan 2021 03:08:47 GMT" skipped="0">
  <testcase classname="com.ecommerceshoppingapp.testscripts.AddingProductcart" name="addingcart" time="34.249"/>
</testsuite> <!-- com.ecommerceshoppingapp.testscripts.AddingProductcart -->
